 create table goods( goods_name char, goods_price int);
 insert table goods 手机 12;
  create table goods( goods_name char, goods_price int);
  insert table goods 手机 12;
 create table goods( goods_name char, goods_price int);
 insert table goods 手机 12;
 create table goods( goods_name char, goods_price int);
 insert table goods 手机 12;
 create table goods( goods_name char, goods_price int);
 create table goods( goods_name char, goods_price int);
 insert table goods 手机 12;
  create table goods( goods_name char, goods_price int);
  create table goods( goods_name char, goods_price int);
 select table goods ;
 create table goods( goods_name char, goods_price int);
 insert table goods phone 12;
 create table goods( goods_name char, goods_price int);
 create table goods( goods_name char, goods_price int);
 insert table goods phone 12;
 create table goods( goods_name char, goods_price int);
 insert table goods phone 12;
 insert table goods smart 13;
 insert table goods smart 13;
 insert table goods smart 13;
 create table goods( goods_name char, goods_price int);
 insert table goods phone 12;
 insert table goods smart 13;
 select table goods;
 select table goods 1 3;
 select table goods 1 3;
 select table goods;
 insert table goods banana 8;
 select table goods;
 select table goods;
 select table goods;
 update table goods 2 apple 7;
 select table goods;
 select table goods;
 update table goods 2 apple 7;
 select table goods;
 select table goods;
 select table asdsakds ;
 select table asdsda;
 select table asdasdsd;
 select table asdsadasd ;
 select table asdasdasd;
 select table asdasdasd ;
 create table asdsa( sadad char, asdsad int );
 drop table asdad;
 drop table goods;
 select table goods;
 create table user( age int, address string, money float, id_card long, sex char, old bool, create_date date);
 insert table user 10 Hunan 100.23 3412271998 M false 1998-03-05;
 insert table user 10 Hunan 100.23 3412271998 M false 1998-03-05;
 create table user( age int, address string, money float, id_card long, sex char, sex bool, create_date date);
 select table user;
 create table user( age int, address string, money float, id_card long, sex char, get_married bool, create_date date);
 insert table user 12 Shanghai 12.5 3412271998 T false 19980305;
 create table user( age int, address string, money float, id_card long, sex char, get_married bool, create_date date);
 create table user( age int, address string, money float, id_card long, sex char, get_married bool, create_date date);
 create table user( age int, address string, money float, id_card long, sex char, get_married bool, create_date date);
 insert table user 12 Shanghai 12.5 3412271998 T false 19980305;
 create table user( age int, address string, money float, id_card long, sex char, old bool, create_date date);
 insert table user 12 Shanghai 12.5 3412271998 T false 1998-03-05;
 insert table user 12 Shanghai 12.5 3412271998 T false 1998-03-05;
 create table user( age int, address string, money float, id_card long, sex char, old bool, create_date date);
  insert table user 12 Shanghai 12.5 3412271998 T false 1998-03-05;
  insert table user 12 Shanghai 12.5 3412271998 T false 1998-03-05;
 insert table user 12 Shanghai 12.5 3412271998 T false 1998-03-05;
 select table user;
 delete table user 2;
 delete table user 3;
 select table user;
 select table user;
 create table goods( user_id int, goods_name string, goods_price double);
 select table user;
 delete table user 2;
 select table user;
 delete table user 2;
 delete table user 3;
 delete table user 3;
 delete table user 3;
 delete table user 3;
 delete table user 2;
 select table user;
 insert table goods 1 phone 12.38;
 create table goods( user_id int, goods_name string, goods_price double);
 insert table goods 1 phone 12.38;
 select table user;
 select table goods;
 select table user;
 select table goods;
 insert table goods 1 banana 4.5;
 insert table goods 1 apple 7.8;
 select table goods 2 3;
 select table goods;
 update table goods 3 1 apple 8.8;
 delete table goods 3;
 select table goods;
 select table user;
 select table goods;
 select table user;
 select table goods;
 drop table goods;
 select table goods;
 create table goods( user_id int, goods_name string, goods_price double);
 create table goods( user_id int, goods_name string, goods_price double );
 create table goods( user_id int, goods_name string, goods_price double);
 create table goods( user_id int, goods_name string, goods_price double);
 insert table goods 1 banana 4.5;
 create table goods( user_id int, goods_name string, goods_price double);
 insert table goods 1 banana 4.5;
 create table goods( user_id int, goods_name string, goods_price double);
 insert table goods 1 banana 4.5;
 insert table goods 1 apple 7.8;
 select table goods;
 create table goods( user_id long, goods_name string, goods_price double);
 insert table goods 1 banana 4.5;
 select table goods;
 select table goods 2;
 insert table goods 1 phone 12.38;
 insert table goods 1 phone 12.38;
 insert table goods 1 phone 12.38;
 insert table goods 1 phone 12.38;
 insert table goods 1 phone 12.38;
 insert table goods 1 phone 12.38;
 insert table goods 1 phone 12.38;
 select table goods;
 select table goods 5;
 select table goods 4 9;
 select table goods;
 create table goods( user_id long, goods_name string, goods_price double);
 insert table goods 1 banana 4.5;
 select table goods;
 select table user;
 select table goods;
 insert table goods 1 phone 12.38;
 insert table goods 1 phone 12.38;
 insert table goods 1 phone 12.38;
 select table goodsl ;
 select table goods;
 select table goodsl ;
 select table goods;
 select table goods;
 select table goods;
 insert table user 1 2 3;
 select table user;
 update table user 1 2 2;
 catch (Exception e){                 return PREPARE_INSERT_ERROR;
 insert table goods 1 2 12sadasd;
 select table user;
 select table goods;
 select table goods;
 delete table goods 3;
 delete table goods 1;
 delete table goods 2;
 select table goods;
 select table goods;
 delete table goods 2;
 select table goods;
 select table goods 4 4;
 delete table goods 4 4;
 select table goods;
 insert table goods 1 china 12.3;
 select table goods;
 create table user( username string, age int, sex bool);
 select table user;
 create table user( username string, age int, sex bool);
 insert table user hengtian 18 true;
 create table user( username string, age int, sex bool);
 select table user;
 create table user( username string, age int, sex bool);
 insert table user heng 18 true;
 create table user( username string, age int, sex bool);
 insert table user hengtian 18 true;
 select table user;
 delete table user;
 delete table user 1;
 select table user;
 select table goods;
 select table goods 2 3;
 drop table user;
 drop table user;
 select table user;
 create table user( username string, age int, sex bool);
 insert table user heng 18 true;
 select table user;
 delete table user 1;
 select table user;
 select table user;
 select table goods;
 insert table goods 1 appler 3.4;
 select table goods;
 select table goods;
 delete table goods 3;
 select table goods;
 delete table goods 3;
 select table goods ;
 select table goods;
 delete table goods 3;
 select table goods;
 delete table goods 3;
 select table goods;
 create table user( username string, age int, sex bool);
 select table goods;
 select table goods 3;
 create table user( username string, age int, sex bool);
 create table user( username string, age int, sex bool);
 insert table user hengtian 18 true;
 select table user;
 select table user;
 insert table user tian 18 false;
 select table user;
 select table goods;
 delete table goods 3;
 select table goods;
 insert table goods 1 asdsa 45;
 select table goods;
 create table user( username string, age int, sex bool);
 insert table user hengtian 18 true;
 insert table user;
 select table user;
 delete table user 2;
 create table user( username string, age int, sex bool);
 insert table user heng 19 true;
 select table user;
 delete table user 1;
  create table user( username string, age int, sex bool);
 insert table user heng 19 true;
 delete table user 1;
 select table user;
 insert table user heng 19 true;
 select table user;
 select table user;
 create table user( username string, age int, sex bool);
 insert table user heng 18 true;
 select table user;
 create table user( username string, age int;
 create table user( username string, age int, sex bool);
 select table user;
 create table user( username string, age int, sex bool);
 insert table user heng 18 true;
 create table user( username string, age int, sex bool);
 insert table user hengtian 18 true;
 select table user;
 select table user;
 insert table user asd 12 false;
 select table user;
 delete table user 2;
 select table user;
 drop table user;
 select table user;
 select table goods;
 update table goods 5 1 apple 3.4;
 select table goods;
 create table user( username string, age int, sex bool);
 create table user( username string, age int, sex bool);
 create table user( username string, age int, sex bool);
 insert table user heng 18 true;
 select table user;
 select table goods;
 update table goods 5 1 apple 3.4;
 select table goods;
 delete table goods 5;
 select table goods;
 drop table user;
 create table user( username string, age int, sex bool);
 create table test( asdsad int, sads string);
 create table test( asdsad int, sads string);
 create table test( username string);
 create table test( username string);
 create table test( username string);
 create table test( username string);
 create table test( username string);
 create table test( username string);
 create table test( username string);
 insert table test 1;
 select table test;
 create table xasx( asda string, sadsad int);
 insert table xasx sads 18;
 select table xasx;
 select table goods;
